Requesting from server running in: http://introsde-assignment3.herokuapp.com/ws/people?wsdl


Request #1: readPersonList()
=> Body: 
Person id: 1 
Firstname: Lucky 
Lastname: Luke 
Birthdate: 1965-02-12 
Healthprofile:
Mid : 2 
Created: 2014-05-10 
MeasureType: weight 
Value: 86.0 
ValueType: double 
Mid : 3 
Created: 2012-08-13 
MeasureType: height 
Value: 180.0 
ValueType: double 
 
Person id: 2 
Firstname: Charlie-c228b971-831e-4fa8-9449-6a137614c4d8 
Lastname: Brown 
Birthdate: 1945-01-10 
Healthprofile:
Mid : 4 
Created: 2013-12-29 
MeasureType: weight 
Value: 90.0 
ValueType: double 
Mid : 6 
Created: 2015-06-19 
MeasureType: height 
Value: 172.0 
ValueType: double 
 
Person id: 3 
Firstname: Jack 
Lastname: Black 
Birthdate: 1960-10-10 
Healthprofile:
Mid : 8 
Created: 2015-09-09 
MeasureType: height 
Value: 180.0 
ValueType: double 
Mid : 720 
Created: 2015-12-06 
MeasureType: weight 
Value: 90.0 
ValueType: double 
 
Person id: 4 
Firstname: Paul 
Lastname: Martin 
Birthdate: 1980-12-11 
Healthprofile:
Mid : 9 
Created: 2015-11-19 
MeasureType: weight 
Value: 76.0 
ValueType: double 
 
Person id: 5 
Firstname: Patrick 
Lastname: Brown 
Birthdate: 1985-01-25 
Healthprofile:
Mid : 11 
Created: 2015-07-11 
MeasureType: weight 
Value: 65.0 
ValueType: double 
 
Person id: 6 
Firstname: Max 
Lastname: Stepan 
Birthdate: 1992-02-20 
Healthprofile:
Mid : 12 
Created: 2015-09-10 
MeasureType: height 
Value: 190.0 
ValueType: double 
 
Person id: 7 
Firstname: Jack 
Lastname: Bauer 
Birthdate: 1978-09-02 
Healthprofile:
Mid : 13 
Created: 2015-03-26 
MeasureType: height 
Value: 202.0 
ValueType: double 
Mid : 14 
Created: 2014-12-12 
MeasureType: weight 
Value: 110.0 
ValueType: double 
 
Person id: 8 
Firstname: Testeri 
Lastname: Testaa 
Birthdate: 1990-05-10 
Healthprofile:
Mid : 15 
Created: 2015-12-06 
MeasureType: weight 
Value: 85.0 
ValueType: double 
Mid : 16 
Created: 2015-12-06 
MeasureType: height 
Value: 190.0 
ValueType: double 
 


Request #2: readPerson(1)
=> Body: 
Person id: 1 
Firstname: Lucky 
Lastname: Luke 
Birthdate: 1965-02-12 
Healthprofile:
Mid : 2 
Created: 2014-05-10 
MeasureType: weight 
Value: 86.0 
ValueType: double 
Mid : 3 
Created: 2012-08-13 
MeasureType: height 
Value: 180.0 
ValueType: double 
 


Request #3: updatePerson(2)
=> Body: 
Old person: 
Person id: 2 
Firstname: Charlie-c228b971-831e-4fa8-9449-6a137614c4d8 
Lastname: Brown 
Birthdate: 1945-01-10 
Healthprofile:
Mid : 4 
Created: 2013-12-29 
MeasureType: weight 
Value: 90.0 
ValueType: double 
Mid : 6 
Created: 2015-06-19 
MeasureType: height 
Value: 172.0 
ValueType: double 
 
Updated person: 
Person id: 2 
Firstname: Charlie-ecbf76a0-c368-4f72-bec9-e4b7b62d8be5 
Lastname: Brown 
Birthdate: 1945-01-10 
Healthprofile:
Mid : 4 
Created: 2013-12-29 
MeasureType: weight 
Value: 90.0 
ValueType: double 
Mid : 6 
Created: 2015-06-19 
MeasureType: height 
Value: 172.0 
ValueType: double 
 


Request #4: createPerson()
=> Body: 
Person id: 715 
Firstname: Testeri 
Lastname: Testaa 
Birthdate: 1990-05-10 
Healthprofile:
Mid : 739 
Created: 2015-12-06 
MeasureType: weight 
Value: 85.0 
ValueType: double 
Mid : 740 
Created: 2015-12-06 
MeasureType: height 
Value: 190.0 
ValueType: double 
 


Request #5: deletePerson(715)
=> Body: 
Person 715 deleted 


Request #6: readPersonHistory(1, weight)
=> Body: 
Weight measure history for person 1: 
Mid : 1 
Created: 2010-02-15 
MeasureType: weight 
Value: 90.0 
ValueType: double 
Mid : 2 
Created: 2014-05-10 
MeasureType: weight 
Value: 86.0 
ValueType: double 


Request #7: readMeasureTypes()
=> Body: 
Measure types: 
weight 
height 
steps 


Request #8: readPersonMeasure(3, height, 8)
=> Body: 
Mid : 8 
Created: 2015-09-09 
MeasureType: height 
Value: 180.0 
ValueType: double 


Request #9: savePersonMeasure(3, Measure createdMeasure)
=> Body: 
Mid : 741 
Created: 2015-12-06 
MeasureType: weight 
Value: 85.0 
ValueType: double 


Request #10: updatePersonMeasure(3, Measure createdMeasure)
=> Body: 
Old measure: 
Mid : 741 
Created: 2015-12-06 
MeasureType: weight 
Value: 85.0 
ValueType: double 
 
Updated measure: 
Mid : 741 
Created: 2015-12-06 
MeasureType: weight 
Value: 90.0 
ValueType: double 

